Arguments: 
  /Users/tomohiro/.nodebrew/node/v9.4.0/bin/node /usr/local/Cellar/yarn/1.10.1/libexec/bin/yarn.js init

PATH: 
  /Users/tomohiro/.opam/4.06.1/bin:/Users/tomohiro/Library/Android/sdk/tools:/Users/tomohiro/Library/Android/sdk/platform-tools:/Users/tomohiro/.rbenv/shims:/Users/tomohiro/.rbenv/bin:/Users/tomohiro/.nodebrew/current/bin:/usr/local/Cellar/vim/8.0.1450/bin:/usr/local/bin:/usr/local/sbin:/Users/tomohiro/.opam/4.06.1/bin:/Users/tomohiro/Library/Android/sdk/tools:/Users/tomohiro/Library/Android/sdk/platform-tools:/Users/tomohiro/.rbenv/shims:/Users/tomohiro/.rbenv/bin:/Users/tomohiro/.nodebrew/current/bin:/usr/local/Cellar/vim/8.0.1450/bin:/usr/local/bin:/usr/local/sbin:/usr/bin:/bin:/usr/sbin:/sbin:/usr/sbin:/sbin:/usr/sbin:/sbin

Yarn version: 
  1.10.1

Node version: 
  9.4.0

Platform: 
  darwin x64

Trace: 
  Error: canceled
      at Interface.<anonymous> (/usr/local/Cellar/yarn/1.10.1/libexec/lib/cli.js:116426:13)
      at Interface.emit (events.js:160:13)
      at Interface._ttyWrite (readline.js:784:16)
      at ReadStream.onkeypress (readline.js:165:10)
      at ReadStream.emit (events.js:160:13)
      at emitKeys (internal/readline.js:420:14)
      at emitKeys.next (<anonymous>)
      at ReadStream.onData (readline.js:1020:36)
      at ReadStream.emit (events.js:160:13)
      at addChunk (_stream_readable.js:269:12)

npm manifest: 
  No manifest

yarn manifest: 
  No manifest

Lockfile: 
  No lockfile
